
*** Running vivado
    with args -log vga_maze_top.vds -m64 -product Vivado -mode batch -messageDb vivado.pb -notrace -source vga_maze_top.tcl


****** Vivado v2018.3 (64-bit)
  **** SW Build 2405991 on Thu Dec  6 23:36:41 MST 2018
  **** IP Build 2404404 on Fri Dec  7 01:43:56 MST 2018
    ** Copyright 1986-2018 Xilinx, Inc. All Rights Reserved.

source vga_maze_top.tcl -notrace
Command: synth_design -top vga_maze_top -part xc7z020clg484-1
Starting synth_design
Attempting to get a license for feature 'Synthesis' and/or device 'xc7z020'
INFO: [Common 17-349] Got license for feature 'Synthesis' and/or device 'xc7z020'
INFO: Launching helper process for spawning children vivado processes
INFO: Helper process launched with PID 11201 
---------------------------------------------------------------------------------
Starting RTL Elaboration : Time (s): cpu = 00:00:01 ; elapsed = 00:00:01 . Memory (MB): peak = 1449.059 ; gain = 65.926 ; free physical = 759 ; free virtual = 29224
---------------------------------------------------------------------------------
INFO: [Synth 8-6157] synthesizing module 'vga_maze_top' [/home/carv/Documents/Vivado_Projects/hy220_ex03_csd4334/hy220_ex03_csd4334.srcs/sources_1/imports/lab2_code/vga_maze_top.sv:15]
INFO: [Synth 8-6157] synthesizing module 'clk_wiz_0' [/home/carv/Documents/Vivado_Projects/hy220_ex03_csd4334/hy220_ex03_csd4334.runs/synth_1/.Xil/Vivado-11185-moe/realtime/clk_wiz_0_stub.v:5]
INFO: [Synth 8-6155] done synthesizing module 'clk_wiz_0' (1#1) [/home/carv/Documents/Vivado_Projects/hy220_ex03_csd4334/hy220_ex03_csd4334.runs/synth_1/.Xil/Vivado-11185-moe/realtime/clk_wiz_0_stub.v:5]
INFO: [Synth 8-6157] synthesizing module 'vga_sync' [/home/carv/Documents/Vivado_Projects/hy220_ex03_csd4334/hy220_ex03_csd4334.srcs/sources_1/imports/vga_sync/vga_sync.sv:15]
	Parameter FRAME_HPIXELS bound to: 640 - type: integer 
	Parameter FRAME_HFPORCH bound to: 16 - type: integer 
	Parameter FRAME_HSPULSE bound to: 96 - type: integer 
	Parameter FRAME_HBPORCH bound to: 48 - type: integer 
	Parameter FRAME_MAX_HCOUNT bound to: 800 - type: integer 
	Parameter FRAME_VLINES bound to: 480 - type: integer 
	Parameter FRAME_VFPORCH bound to: 10 - type: integer 
	Parameter FRAME_VSPULSE bound to: 2 - type: integer 
	Parameter FRAME_VBPORCH bound to: 29 - type: integer 
	Parameter FRAME_MAX_VCOUNT bound to: 521 - type: integer 
INFO: [Synth 8-6155] done synthesizing module 'vga_sync' (2#1) [/home/carv/Documents/Vivado_Projects/hy220_ex03_csd4334/hy220_ex03_csd4334.srcs/sources_1/imports/vga_sync/vga_sync.sv:15]
INFO: [Synth 8-6157] synthesizing module 'vga_frame' [/home/carv/Documents/Vivado_Projects/hy220_ex03_csd4334/hy220_ex03_csd4334.srcs/sources_1/imports/lab2_code/vga_frame.sv:15]
INFO: [Synth 8-6157] synthesizing module 'rom' [/home/carv/Documents/Vivado_Projects/hy220_ex03_csd4334/hy220_ex03_csd4334.srcs/sources_1/imports/lab2_code/rom.sv:16]
	Parameter size bound to: 2048 - type: integer 
	Parameter width bound to: 16 - type: integer 
	Parameter file bound to: /home/carv/Documents/Vivado_Projects/hy220_ex03_csd4334/roms/maze1.rom - type: string 
	Parameter asize bound to: 11 - type: integer 
INFO: [Synth 8-3876] $readmem data file '/home/carv/Documents/Vivado_Projects/hy220_ex03_csd4334/roms/maze1.rom' is read successfully [/home/carv/Documents/Vivado_Projects/hy220_ex03_csd4334/hy220_ex03_csd4334.srcs/sources_1/imports/lab2_code/rom.sv:39]
INFO: [Synth 8-6155] done synthesizing module 'rom' (3#1) [/home/carv/Documents/Vivado_Projects/hy220_ex03_csd4334/hy220_ex03_csd4334.srcs/sources_1/imports/lab2_code/rom.sv:16]
WARNING: [Synth 8-689] width (32) of port connection 'addr' does not match port width (11) of module 'rom' [/home/carv/Documents/Vivado_Projects/hy220_ex03_csd4334/hy220_ex03_csd4334.srcs/sources_1/imports/lab2_code/vga_frame.sv:142]
INFO: [Synth 8-6157] synthesizing module 'rom__parameterized0' [/home/carv/Documents/Vivado_Projects/hy220_ex03_csd4334/hy220_ex03_csd4334.srcs/sources_1/imports/lab2_code/rom.sv:16]
	Parameter size bound to: 256 - type: integer 
	Parameter width bound to: 16 - type: integer 
	Parameter file bound to: /home/carv/Documents/Vivado_Projects/hy220_ex03_csd4334/roms/player.rom - type: string 
	Parameter asize bound to: 8 - type: integer 
INFO: [Synth 8-3876] $readmem data file '/home/carv/Documents/Vivado_Projects/hy220_ex03_csd4334/roms/player.rom' is read successfully [/home/carv/Documents/Vivado_Projects/hy220_ex03_csd4334/hy220_ex03_csd4334.srcs/sources_1/imports/lab2_code/rom.sv:39]
INFO: [Synth 8-6155] done synthesizing module 'rom__parameterized0' (3#1) [/home/carv/Documents/Vivado_Projects/hy220_ex03_csd4334/hy220_ex03_csd4334.srcs/sources_1/imports/lab2_code/rom.sv:16]
WARNING: [Synth 8-689] width (32) of port connection 'addr' does not match port width (8) of module 'rom__parameterized0' [/home/carv/Documents/Vivado_Projects/hy220_ex03_csd4334/hy220_ex03_csd4334.srcs/sources_1/imports/lab2_code/vga_frame.sv:158]
INFO: [Synth 8-6157] synthesizing module 'rom__parameterized1' [/home/carv/Documents/Vivado_Projects/hy220_ex03_csd4334/hy220_ex03_csd4334.srcs/sources_1/imports/lab2_code/rom.sv:16]
	Parameter size bound to: 256 - type: integer 
	Parameter width bound to: 16 - type: integer 
	Parameter file bound to: /home/carv/Documents/Vivado_Projects/hy220_ex03_csd4334/roms/exit.rom - type: string 
	Parameter asize bound to: 8 - type: integer 
INFO: [Synth 8-3876] $readmem data file '/home/carv/Documents/Vivado_Projects/hy220_ex03_csd4334/roms/exit.rom' is read successfully [/home/carv/Documents/Vivado_Projects/hy220_ex03_csd4334/hy220_ex03_csd4334.srcs/sources_1/imports/lab2_code/rom.sv:39]
INFO: [Synth 8-6155] done synthesizing module 'rom__parameterized1' (3#1) [/home/carv/Documents/Vivado_Projects/hy220_ex03_csd4334/hy220_ex03_csd4334.srcs/sources_1/imports/lab2_code/rom.sv:16]
WARNING: [Synth 8-689] width (32) of port connection 'addr' does not match port width (8) of module 'rom__parameterized1' [/home/carv/Documents/Vivado_Projects/hy220_ex03_csd4334/hy220_ex03_csd4334.srcs/sources_1/imports/lab2_code/vga_frame.sv:170]
INFO: [Synth 8-6155] done synthesizing module 'vga_frame' (4#1) [/home/carv/Documents/Vivado_Projects/hy220_ex03_csd4334/hy220_ex03_csd4334.srcs/sources_1/imports/lab2_code/vga_frame.sv:15]
INFO: [Synth 8-6155] done synthesizing module 'vga_maze_top' (5#1) [/home/carv/Documents/Vivado_Projects/hy220_ex03_csd4334/hy220_ex03_csd4334.srcs/sources_1/imports/lab2_code/vga_maze_top.sv:15]
---------------------------------------------------------------------------------
Finished RTL Elaboration : Time (s): cpu = 00:00:02 ; elapsed = 00:00:02 . Memory (MB): peak = 1494.809 ; gain = 111.676 ; free physical = 770 ; free virtual = 29235
---------------------------------------------------------------------------------

Report Check Netlist: 
+------+------------------+-------+---------+-------+------------------+
|      |Item              |Errors |Warnings |Status |Description       |
+------+------------------+-------+---------+-------+------------------+
|1     |multi_driven_nets |      0|        0|Passed |Multi driven nets |
+------+------------------+-------+---------+-------+------------------+
---------------------------------------------------------------------------------
Start Handling Custom Attributes
---------------------------------------------------------------------------------
---------------------------------------------------------------------------------
Finished Handling Custom Attributes : Time (s): cpu = 00:00:02 ; elapsed = 00:00:02 . Memory (MB): peak = 1494.809 ; gain = 111.676 ; free physical = 770 ; free virtual = 29236
---------------------------------------------------------------------------------
---------------------------------------------------------------------------------
Finished RTL Optimization Phase 1 : Time (s): cpu = 00:00:02 ; elapsed = 00:00:02 . Memory (MB): peak = 1494.809 ; gain = 111.676 ; free physical = 770 ; free virtual = 29236
---------------------------------------------------------------------------------
INFO: [Device 21-403] Loading part xc7z020clg484-1
INFO: [Project 1-570] Preparing netlist for logic optimization

Processing XDC Constraints
Initializing timing engine
Parsing XDC File [/home/carv/Documents/Vivado_Projects/hy220_ex03_csd4334/hy220_ex03_csd4334.srcs/sources_1/ip/clk_wiz_0/clk_wiz_0/clk_wiz_0_in_context.xdc] for cell 'clk_25_mhz'
Finished Parsing XDC File [/home/carv/Documents/Vivado_Projects/hy220_ex03_csd4334/hy220_ex03_csd4334.srcs/sources_1/ip/clk_wiz_0/clk_wiz_0/clk_wiz_0_in_context.xdc] for cell 'clk_25_mhz'
Parsing XDC File [/home/carv/Documents/Vivado_Projects/hy220_ex03_csd4334/hy220_ex03_csd4334.srcs/constrs_1/imports/lab2_code/lab2.xdc]
WARNING: [Constraints 18-619] A clock with name 'clk' already exists, overwriting the previous clock with the same name. [/home/carv/Documents/Vivado_Projects/hy220_ex03_csd4334/hy220_ex03_csd4334.srcs/constrs_1/imports/lab2_code/lab2.xdc:13]
WARNING: [Vivado 12-584] No ports matched '[get_ports -of_objects [get_iobanks 33]]'. [/home/carv/Documents/Vivado_Projects/hy220_ex03_csd4334/hy220_ex03_csd4334.srcs/constrs_1/imports/lab2_code/lab2.xdc:54]
WARNING: [Vivado 12-584] No ports matched '[get_ports -of_objects [get_iobanks 34]]'. [/home/carv/Documents/Vivado_Projects/hy220_ex03_csd4334/hy220_ex03_csd4334.srcs/constrs_1/imports/lab2_code/lab2.xdc:57]
WARNING: [Vivado 12-584] No ports matched '[get_ports -of_objects [get_iobanks 35]]'. [/home/carv/Documents/Vivado_Projects/hy220_ex03_csd4334/hy220_ex03_csd4334.srcs/constrs_1/imports/lab2_code/lab2.xdc:60]
WARNING: [Vivado 12-584] No ports matched '[get_ports -of_objects [get_iobanks 13]]'. [/home/carv/Documents/Vivado_Projects/hy220_ex03_csd4334/hy220_ex03_csd4334.srcs/constrs_1/imports/lab2_code/lab2.xdc:63]
Finished Parsing XDC File [/home/carv/Documents/Vivado_Projects/hy220_ex03_csd4334/hy220_ex03_csd4334.srcs/constrs_1/imports/lab2_code/lab2.xdc]
INFO: [Project 1-236] Implementation specific constraints were found while reading constraint file [/home/carv/Documents/Vivado_Projects/hy220_ex03_csd4334/hy220_ex03_csd4334.srcs/constrs_1/imports/lab2_code/lab2.xdc]. These constraints will be ignored for synthesis but will be used in implementation. Impacted constraints are listed in the file [.Xil/vga_maze_top_propImpl.xdc].
Resolution: To avoid this warning, move constraints listed in [.Xil/vga_maze_top_propImpl.xdc] to another XDC file and exclude this new file from synthesis with the used_in_synthesis property (File Properties dialog in GUI) and re-run elaboration/synthesis.
Netlist sorting complete. Time (s): cpu = 00:00:00 ; elapsed = 00:00:00 . Memory (MB): peak = 1880.355 ; gain = 0.000 ; free physical = 490 ; free virtual = 28956
Completed Processing XDC Constraints

Netlist sorting complete. Time (s): cpu = 00:00:00 ; elapsed = 00:00:00 . Memory (MB): peak = 1880.355 ; gain = 0.000 ; free physical = 491 ; free virtual = 28957
INFO: [Project 1-111] Unisim Transformation Summary:
No Unisim elements were transformed.

Netlist sorting complete. Time (s): cpu = 00:00:00 ; elapsed = 00:00:00 . Memory (MB): peak = 1880.355 ; gain = 0.000 ; free physical = 491 ; free virtual = 28957
Constraint Validation Runtime : Time (s): cpu = 00:00:00 ; elapsed = 00:00:00.01 . Memory (MB): peak = 1880.355 ; gain = 0.000 ; free physical = 491 ; free virtual = 28957
---------------------------------------------------------------------------------
Finished Constraint Validation : Time (s): cpu = 00:00:06 ; elapsed = 00:00:07 . Memory (MB): peak = 1880.355 ; gain = 497.223 ; free physical = 569 ; free virtual = 29035
---------------------------------------------------------------------------------
---------------------------------------------------------------------------------
Start Loading Part and Timing Information
---------------------------------------------------------------------------------
Loading part: xc7z020clg484-1
---------------------------------------------------------------------------------
Finished Loading Part and Timing Information : Time (s): cpu = 00:00:06 ; elapsed = 00:00:07 . Memory (MB): peak = 1880.355 ; gain = 497.223 ; free physical = 569 ; free virtual = 29035
---------------------------------------------------------------------------------
---------------------------------------------------------------------------------
Start Applying 'set_property' XDC Constraints
---------------------------------------------------------------------------------
Applied set_property IO_BUFFER_TYPE = NONE for clk. (constraint file  /home/carv/Documents/Vivado_Projects/hy220_ex03_csd4334/hy220_ex03_csd4334.srcs/sources_1/ip/clk_wiz_0/clk_wiz_0/clk_wiz_0_in_context.xdc, line 3).
Applied set_property CLOCK_BUFFER_TYPE = NONE for clk. (constraint file  /home/carv/Documents/Vivado_Projects/hy220_ex03_csd4334/hy220_ex03_csd4334.srcs/sources_1/ip/clk_wiz_0/clk_wiz_0/clk_wiz_0_in_context.xdc, line 4).
Applied set_property DONT_TOUCH = true for clk_25_mhz. (constraint file  auto generated constraint, line ).
---------------------------------------------------------------------------------
Finished applying 'set_property' XDC Constraints : Time (s): cpu = 00:00:06 ; elapsed = 00:00:07 . Memory (MB): peak = 1880.355 ; gain = 497.223 ; free physical = 571 ; free virtual = 29037
---------------------------------------------------------------------------------
INFO: [Synth 8-5546] ROM "hcnt_clr" won't be mapped to RAM because it is too sparse
INFO: [Synth 8-5546] ROM "hs_clr" won't be mapped to RAM because it is too sparse
INFO: [Synth 8-5546] ROM "hs_set" won't be mapped to RAM because it is too sparse
INFO: [Synth 8-5546] ROM "rom_array" won't be mapped to RAM because it is too sparse
---------------------------------------------------------------------------------
Finished RTL Optimization Phase 2 : Time (s): cpu = 00:00:06 ; elapsed = 00:00:07 . Memory (MB): peak = 1880.355 ; gain = 497.223 ; free physical = 562 ; free virtual = 29028
---------------------------------------------------------------------------------

Report RTL Partitions: 
+-+--------------+------------+----------+
| |RTL Partition |Replication |Instances |
+-+--------------+------------+----------+
+-+--------------+------------+----------+
---------------------------------------------------------------------------------
Start RTL Component Statistics 
---------------------------------------------------------------------------------
Detailed RTL Component Info : 
+---Adders : 
	   2 Input     10 Bit       Adders := 2     
+---Registers : 
	               16 Bit    Registers := 3     
	               10 Bit    Registers := 4     
	                6 Bit    Registers := 4     
	                1 Bit    Registers := 4     
+---ROMs : 
	                              ROMs := 2     
+---Muxes : 
	 257 Input     16 Bit        Muxes := 1     
	   2 Input     10 Bit        Muxes := 2     
	   2 Input      4 Bit        Muxes := 9     
	   2 Input      1 Bit        Muxes := 4     
---------------------------------------------------------------------------------
Finished RTL Component Statistics 
---------------------------------------------------------------------------------
---------------------------------------------------------------------------------
Start RTL Hierarchical Component Statistics 
---------------------------------------------------------------------------------
Hierarchical RTL Component report 
Module vga_sync 
Detailed RTL Component Info : 
+---Adders : 
	   2 Input     10 Bit       Adders := 2     
+---Registers : 
	               10 Bit    Registers := 2     
	                1 Bit    Registers := 3     
+---Muxes : 
	   2 Input     10 Bit        Muxes := 2     
	   2 Input      1 Bit        Muxes := 4     
Module rom 
Detailed RTL Component Info : 
+---Registers : 
	               16 Bit    Registers := 1     
+---ROMs : 
	                              ROMs := 1     
Module rom__parameterized0 
Detailed RTL Component Info : 
+---Registers : 
	               16 Bit    Registers := 1     
+---ROMs : 
	                              ROMs := 1     
Module rom__parameterized1 
Detailed RTL Component Info : 
+---Registers : 
	               16 Bit    Registers := 1     
+---Muxes : 
	 257 Input     16 Bit        Muxes := 1     
Module vga_frame 
Detailed RTL Component Info : 
+---Registers : 
	               10 Bit    Registers := 2     
	                6 Bit    Registers := 4     
	                1 Bit    Registers := 1     
+---Muxes : 
	   2 Input      4 Bit        Muxes := 9     
---------------------------------------------------------------------------------
Finished RTL Hierarchical Component Statistics
---------------------------------------------------------------------------------
---------------------------------------------------------------------------------
Start Part Resource Summary
---------------------------------------------------------------------------------
Part Resources:
DSPs: 220 (col length:60)
BRAMs: 280 (col length: RAMB18 60 RAMB36 30)
---------------------------------------------------------------------------------
Finished Part Resource Summary
---------------------------------------------------------------------------------
---------------------------------------------------------------------------------
Start Cross Boundary and Area Optimization
---------------------------------------------------------------------------------
Warning: Parallel synthesis criteria is not met 
WARNING: [Synth 8-3936] Found unconnected internal register 'vf/exit/dout_reg' and it is trimmed from '16' to '12' bits. [/home/carv/Documents/Vivado_Projects/hy220_ex03_csd4334/hy220_ex03_csd4334.srcs/sources_1/imports/lab2_code/rom.sv:34]
INFO: [Synth 8-5546] ROM "vs/hcnt_clr" won't be mapped to RAM because it is too sparse
INFO: [Synth 8-5546] ROM "vs/hs_set" won't be mapped to RAM because it is too sparse
INFO: [Synth 8-5546] ROM "vs/hs_clr" won't be mapped to RAM because it is too sparse
INFO: [Synth 8-3886] merging instance 'vf/exit/dout_reg[8]' (FDE) to 'vf/exit/dout_reg[9]'
INFO: [Synth 8-3886] merging instance 'vf/exit/dout_reg[9]' (FDE) to 'vf/exit/dout_reg[10]'
INFO: [Synth 8-3886] merging instance 'vf/exit/dout_reg[10]' (FDE) to 'vf/exit/dout_reg[11]'
INFO: [Synth 8-3886] merging instance 'vf/exit/dout_reg[4]' (FDE) to 'vf/exit/dout_reg[0]'
INFO: [Synth 8-3886] merging instance 'vf/exit/dout_reg[5]' (FDE) to 'vf/exit/dout_reg[0]'
INFO: [Synth 8-3886] merging instance 'vf/exit/dout_reg[6]' (FDE) to 'vf/exit/dout_reg[0]'
INFO: [Synth 8-3886] merging instance 'vf/exit/dout_reg[7]' (FDE) to 'vf/exit/dout_reg[0]'
INFO: [Synth 8-3886] merging instance 'vf/exit/dout_reg[0]' (FDE) to 'vf/exit/dout_reg[1]'
INFO: [Synth 8-3886] merging instance 'vf/exit/dout_reg[1]' (FDE) to 'vf/exit/dout_reg[2]'
INFO: [Synth 8-3886] merging instance 'vf/exit/dout_reg[2]' (FDE) to 'vf/exit/dout_reg[3]'
INFO: [Synth 8-3886] merging instance 'vf/reg_exit_bcol_reg[0]' (FDC) to 'vf/reg_exit_bcol_reg[5]'
INFO: [Synth 8-3886] merging instance 'vf/reg_exit_bcol_reg[1]' (FDC) to 'vf/reg_player_bcol_reg[5]'
INFO: [Synth 8-3886] merging instance 'vf/reg_exit_bcol_reg[2]' (FDC) to 'vf/reg_exit_bcol_reg[5]'
INFO: [Synth 8-3886] merging instance 'vf/reg_exit_bcol_reg[3]' (FDC) to 'vf/reg_player_bcol_reg[5]'
INFO: [Synth 8-3886] merging instance 'vf/reg_exit_bcol_reg[4]' (FDC) to 'vf/reg_player_bcol_reg[5]'
INFO: [Synth 8-3886] merging instance 'vf/reg_exit_bcol_reg[5]' (FDC) to 'vf/reg_exit_brow_reg[4]'
INFO: [Synth 8-3886] merging instance 'vf/reg_exit_brow_reg[0]' (FDC) to 'vf/reg_player_bcol_reg[5]'
INFO: [Synth 8-3886] merging instance 'vf/reg_exit_brow_reg[1]' (FDC) to 'vf/reg_exit_brow_reg[4]'
INFO: [Synth 8-3886] merging instance 'vf/reg_exit_brow_reg[2]' (FDC) to 'vf/reg_exit_brow_reg[4]'
INFO: [Synth 8-3886] merging instance 'vf/reg_exit_brow_reg[3]' (FDC) to 'vf/reg_player_bcol_reg[5]'
INFO: [Synth 8-3886] merging instance 'vf/reg_exit_brow_reg[5]' (FDC) to 'vf/reg_player_bcol_reg[5]'
INFO: [Synth 8-3886] merging instance 'vf/reg_player_bcol_reg[4]' (FDC) to 'vf/reg_player_bcol_reg[5]'
INFO: [Synth 8-3886] merging instance 'vf/reg_player_bcol_reg[5]' (FDC) to 'vf/reg_player_brow_reg[5]'
INFO: [Synth 8-3886] merging instance 'vf/reg_player_brow_reg[4]' (FDC) to 'vf/reg_player_brow_reg[5]'
INFO: [Synth 8-3333] propagating constant 0 across sequential element (\vf/reg_player_brow_reg[5] )
---------------------------------------------------------------------------------
Finished Cross Boundary and Area Optimization : Time (s): cpu = 00:00:07 ; elapsed = 00:00:08 . Memory (MB): peak = 1880.355 ; gain = 497.223 ; free physical = 549 ; free virtual = 29018
---------------------------------------------------------------------------------
---------------------------------------------------------------------------------
Start ROM, RAM, DSP and Shift Register Reporting
---------------------------------------------------------------------------------

ROM:
+-------------+--------------------+---------------+----------------+
|Module Name  | RTL Object         | Depth x Width | Implemented As | 
+-------------+--------------------+---------------+----------------+
|vga_maze_top | vf/maze/dout_reg   | 2048x16       | Block RAM      | 
|vga_maze_top | vf/player/dout_reg | 256x16        | Block RAM      | 
+-------------+--------------------+---------------+----------------+

---------------------------------------------------------------------------------
Finished ROM, RAM, DSP and Shift Register Reporting
---------------------------------------------------------------------------------
INFO: [Synth 8-6837] The timing for the instance i_1/vf/maze/dout_reg (implemented as a Block RAM) might be sub-optimal as no optional output register could be merged into the block ram. Providing additional output register may help in improving timing.
INFO: [Synth 8-6837] The timing for the instance i_2/vf/player/dout_reg (implemented as a Block RAM) might be sub-optimal as no optional output register could be merged into the block ram. Providing additional output register may help in improving timing.

Report RTL Partitions: 
+-+--------------+------------+----------+
| |RTL Partition |Replication |Instances |
+-+--------------+------------+----------+
+-+--------------+------------+----------+
---------------------------------------------------------------------------------
Start Applying XDC Timing Constraints
---------------------------------------------------------------------------------
INFO: [Synth 8-5578] Moved timing constraint from pin 'clk_25_mhz/clk_out1' to pin 'clk_25_mhz/bbstub_clk_out1/O'
WARNING: [Synth 8-565] redefining clock 'clk'
INFO: [Synth 8-5819] Moved 1 constraints on hierarchical pins to their respective driving/loading pins
---------------------------------------------------------------------------------
Finished Applying XDC Timing Constraints : Time (s): cpu = 00:00:10 ; elapsed = 00:00:11 . Memory (MB): peak = 1880.355 ; gain = 497.223 ; free physical = 420 ; free virtual = 28888
---------------------------------------------------------------------------------
---------------------------------------------------------------------------------
Start Timing Optimization
---------------------------------------------------------------------------------
---------------------------------------------------------------------------------
Finished Timing Optimization : Time (s): cpu = 00:00:10 ; elapsed = 00:00:12 . Memory (MB): peak = 1880.355 ; gain = 497.223 ; free physical = 416 ; free virtual = 28884
---------------------------------------------------------------------------------

Report RTL Partitions: 
+-+--------------+------------+----------+
| |RTL Partition |Replication |Instances |
+-+--------------+------------+----------+
+-+--------------+------------+----------+
---------------------------------------------------------------------------------
Start Technology Mapping
---------------------------------------------------------------------------------
INFO: [Synth 8-6837] The timing for the instance vf/maze/dout_reg (implemented as a Block RAM) might be sub-optimal as no optional output register could be merged into the block ram. Providing additional output register may help in improving timing.
INFO: [Synth 8-6837] The timing for the instance vf/player/dout_reg (implemented as a Block RAM) might be sub-optimal as no optional output register could be merged into the block ram. Providing additional output register may help in improving timing.
---------------------------------------------------------------------------------
Finished Technology Mapping : Time (s): cpu = 00:00:10 ; elapsed = 00:00:12 . Memory (MB): peak = 1880.355 ; gain = 497.223 ; free physical = 416 ; free virtual = 28884
---------------------------------------------------------------------------------

Report RTL Partitions: 
+-+--------------+------------+----------+
| |RTL Partition |Replication |Instances |
+-+--------------+------------+----------+
+-+--------------+------------+----------+
---------------------------------------------------------------------------------
Start IO Insertion
---------------------------------------------------------------------------------
---------------------------------------------------------------------------------
Start Flattening Before IO Insertion
---------------------------------------------------------------------------------
---------------------------------------------------------------------------------
Finished Flattening Before IO Insertion
---------------------------------------------------------------------------------
---------------------------------------------------------------------------------
Start Final Netlist Cleanup
---------------------------------------------------------------------------------
---------------------------------------------------------------------------------
Finished Final Netlist Cleanup
---------------------------------------------------------------------------------
---------------------------------------------------------------------------------
Finished IO Insertion : Time (s): cpu = 00:00:11 ; elapsed = 00:00:12 . Memory (MB): peak = 1880.355 ; gain = 497.223 ; free physical = 416 ; free virtual = 28884
---------------------------------------------------------------------------------

Report Check Netlist: 
+------+------------------+-------+---------+-------+------------------+
|      |Item              |Errors |Warnings |Status |Description       |
+------+------------------+-------+---------+-------+------------------+
|1     |multi_driven_nets |      0|        0|Passed |Multi driven nets |
+------+------------------+-------+---------+-------+------------------+
---------------------------------------------------------------------------------
Start Renaming Generated Instances
---------------------------------------------------------------------------------
---------------------------------------------------------------------------------
Finished Renaming Generated Instances : Time (s): cpu = 00:00:11 ; elapsed = 00:00:12 . Memory (MB): peak = 1880.355 ; gain = 497.223 ; free physical = 416 ; free virtual = 28884
---------------------------------------------------------------------------------

Report RTL Partitions: 
+-+--------------+------------+----------+
| |RTL Partition |Replication |Instances |
+-+--------------+------------+----------+
+-+--------------+------------+----------+
---------------------------------------------------------------------------------
Start Rebuilding User Hierarchy
---------------------------------------------------------------------------------
---------------------------------------------------------------------------------
Finished Rebuilding User Hierarchy : Time (s): cpu = 00:00:11 ; elapsed = 00:00:12 . Memory (MB): peak = 1880.355 ; gain = 497.223 ; free physical = 416 ; free virtual = 28884
---------------------------------------------------------------------------------
---------------------------------------------------------------------------------
Start Renaming Generated Ports
---------------------------------------------------------------------------------
---------------------------------------------------------------------------------
Finished Renaming Generated Ports : Time (s): cpu = 00:00:11 ; elapsed = 00:00:12 . Memory (MB): peak = 1880.355 ; gain = 497.223 ; free physical = 416 ; free virtual = 28884
---------------------------------------------------------------------------------
---------------------------------------------------------------------------------
Start Handling Custom Attributes
---------------------------------------------------------------------------------
---------------------------------------------------------------------------------
Finished Handling Custom Attributes : Time (s): cpu = 00:00:11 ; elapsed = 00:00:12 . Memory (MB): peak = 1880.355 ; gain = 497.223 ; free physical = 416 ; free virtual = 28884
---------------------------------------------------------------------------------
---------------------------------------------------------------------------------
Start Renaming Generated Nets
---------------------------------------------------------------------------------
---------------------------------------------------------------------------------
Finished Renaming Generated Nets : Time (s): cpu = 00:00:11 ; elapsed = 00:00:12 . Memory (MB): peak = 1880.355 ; gain = 497.223 ; free physical = 416 ; free virtual = 28884
---------------------------------------------------------------------------------
---------------------------------------------------------------------------------
Start Writing Synthesis Report
---------------------------------------------------------------------------------

Report BlackBoxes: 
+------+--------------+----------+
|      |BlackBox name |Instances |
+------+--------------+----------+
|1     |clk_wiz_0     |         1|
+------+--------------+----------+

Report Cell Usage: 
+------+----------+------+
|      |Cell      |Count |
+------+----------+------+
|1     |clk_wiz_0 |     1|
|2     |CARRY4    |     2|
|3     |LUT1      |     3|
|4     |LUT2      |     3|
|5     |LUT3      |     4|
|6     |LUT4      |    12|
|7     |LUT5      |    14|
|8     |LUT6      |    31|
|9     |MUXF7     |     4|
|10    |RAMB18E1  |     1|
|11    |RAMB36E1  |     1|
|12    |FDCE      |    45|
|13    |FDRE      |     2|
|14    |IBUF      |     9|
|15    |OBUF      |    14|
+------+----------+------+

Report Instance Areas: 
+------+-----------+--------------------+------+
|      |Instance   |Module              |Cells |
+------+-----------+--------------------+------+
|1     |top        |                    |   147|
|2     |  vf       |vga_frame           |    50|
|3     |    exit   |rom__parameterized1 |     4|
|4     |    maze   |rom                 |    13|
|5     |    player |rom__parameterized0 |     1|
|6     |  vs       |vga_sync            |    72|
+------+-----------+--------------------+------+
---------------------------------------------------------------------------------
Finished Writing Synthesis Report : Time (s): cpu = 00:00:11 ; elapsed = 00:00:12 . Memory (MB): peak = 1880.355 ; gain = 497.223 ; free physical = 416 ; free virtual = 28884
---------------------------------------------------------------------------------
Synthesis finished with 0 errors, 0 critical warnings and 2 warnings.
Synthesis Optimization Runtime : Time (s): cpu = 00:00:08 ; elapsed = 00:00:09 . Memory (MB): peak = 1880.355 ; gain = 111.676 ; free physical = 473 ; free virtual = 28942
Synthesis Optimization Complete : Time (s): cpu = 00:00:11 ; elapsed = 00:00:12 . Memory (MB): peak = 1880.355 ; gain = 497.223 ; free physical = 474 ; free virtual = 28942
INFO: [Project 1-571] Translating synthesized netlist
INFO: [Netlist 29-17] Analyzing 8 Unisim elements for replacement
INFO: [Netlist 29-28] Unisim Transformation completed in 0 CPU seconds
INFO: [Project 1-570] Preparing netlist for logic optimization
INFO: [Opt 31-138] Pushed 0 inverter(s) to 0 load pin(s).
Netlist sorting complete. Time (s): cpu = 00:00:00 ; elapsed = 00:00:00 . Memory (MB): peak = 1880.355 ; gain = 0.000 ; free physical = 414 ; free virtual = 28882
INFO: [Project 1-111] Unisim Transformation Summary:
No Unisim elements were transformed.

INFO: [Common 17-83] Releasing license: Synthesis
67 Infos, 10 Warnings, 0 Critical Warnings and 0 Errors encountered.
synth_design completed successfully
synth_design: Time (s): cpu = 00:00:12 ; elapsed = 00:00:13 . Memory (MB): peak = 1880.355 ; gain = 497.297 ; free physical = 469 ; free virtual = 28937
Netlist sorting complete. Time (s): cpu = 00:00:00 ; elapsed = 00:00:00 . Memory (MB): peak = 1880.355 ; gain = 0.000 ; free physical = 469 ; free virtual = 28937
WARNING: [Constraints 18-5210] No constraints selected for write.
Resolution: This message can indicate that there are no constraints for the design, or it can indicate that the used_in flags are set such that the constraints are ignored. This later case is used when running synth_design to not write synthesis constraints to the resulting checkpoint. Instead, project constraints are read when the synthesized design is opened.
INFO: [Common 17-1381] The checkpoint '/home/carv/Documents/Vivado_Projects/hy220_ex03_csd4334/hy220_ex03_csd4334.runs/synth_1/vga_maze_top.dcp' has been generated.
INFO: [runtcl-4] Executing : report_utilization -file vga_maze_top_utilization_synth.rpt -pb vga_maze_top_utilization_synth.pb
INFO: [Common 17-206] Exiting Vivado at Fri Jul  9 13:02:08 2021...
